<?xml version="1.0" encoding="UTF-8"?>
<testng-results skipped="0" failed="0" total="1" passed="1">
  <reporter-output>
  </reporter-output>
  <suite name="Default suite" duration-ms="104" started-at="2019-08-15T17:07:20Z" finished-at="2019-08-15T17:07:20Z">
    <groups>
    </groups>
    <test name="Default test" duration-ms="104" started-at="2019-08-15T17:07:20Z" finished-at="2019-08-15T17:07:20Z">
      <class name="com.utility.Reader11">
        <test-method status="PASS" signature="readprop()[pri:0, instance:com.utility.Reader11@5f2050f6]" name="readprop" duration-ms="19" started-at="2019-08-15T22:37:20Z" finished-at="2019-08-15T22:37:20Z">
          <reporter-output>
          </reporter-output>
        </test-method> <!-- readprop -->
      </class> <!-- com.utility.Reader11 -->
    </test> <!-- Default test -->
  </suite> <!-- Default suite -->
</testng-results>
